<?xml version="1.0" encoding="UTF-8"?>
<!-- Generated by org.testng.reporters.JUnitXMLReporter -->
<testsuite ignored="0" hostname="DESKTOP-EHNLCK4" failures="1" tests="1" name="Default test" time="4.351" errors="0" timestamp="2024-08-03T00:04:20 IST">
  <testcase classname="javaPackage.ProfileUpload2" name="login" time="4.281">
    <failure type="org.openqa.selenium.SessionNotCreatedException" message="session not created: This version of Microsoft Edge WebDriver only supports Microsoft Edge version 125
Current browser version is 127.0.2651.74 with binary path C:\Program Files (x86)\Microsoft\Edge\Application\msedge.exe
Build info: version: &amp;apos;3.141.59&amp;apos;, revision: &amp;apos;e82be7d358&amp;apos;, time: &amp;apos;2018-11-14T08:25:48&amp;apos;
System info: host: &amp;apos;DESKTOP-EHNLCK4&amp;apos;, ip: &amp;apos;172.25.64.1&amp;apos;, os.name: &amp;apos;Windows 10&amp;apos;, os.arch: &amp;apos;amd64&amp;apos;, os.version: &amp;apos;10.0&amp;apos;, java.version: &amp;apos;17.0.9&amp;apos;
Driver info: driver.version: EdgeDriver
remote stacktrace: 	GetHandleVerifier [0x00007FF7550C5DD2+61250]
	Microsoft::Applications::Events::ILogConfiguration::operator* [0x00007FF7550506D9+206985]
	(No symbol) [0x00007FF754E5E3C7]
	(No symbol) [0x00007FF754E9681F]
	(No symbol) [0x00007FF754E95CD8]
	(No symbol) [0x00007FF754E90360]
	(No symbol) [0x00007FF754E8CDE7]
	(No symbol) [0x00007FF754ECE9DC]
	(No symbol) [0x00007FF754EC4563]
	(No symbol) [0x00007FF754E99FCE]
	(No symbol) [0x00007FF754E9918C]
	(No symbol) [0x00007FF754E99B81]
	Microsoft::Applications::Events::EventProperty::to_string [0x00007FF75527DF64+1072532]
	(No symbol) [0x00007FF754F12D9C]
	Microsoft::Applications::Events::EventProperty::~EventProperty [0x00007FF754FBEF4C+51468]
	Microsoft::Applications::Events::EventProperty::~EventProperty [0x00007FF754FB3805+4549]
	Microsoft::Applications::Events::EventProperty::to_string [0x00007FF75527CF25+1068373]
	Microsoft::Applications::Events::ILogConfiguration::operator* [0x00007FF75505A0E1+246417]
	Microsoft::Applications::Events::ILogConfiguration::operator* [0x00007FF755055444+226804]
	Microsoft::Applications::Events::ILogConfiguration::operator* [0x00007FF75505557B+227115]
	Microsoft::Applications::Events::ILogConfiguration::operator* [0x00007FF75504BD70+188192]
	BaseThreadInitThunk [0x00007FFCD73E7374+20]
	RtlUserThreadStart [0x00007FFCD889CC91+33]
">
      <![CDATA[org.openqa.selenium.SessionNotCreatedException: session not created: This version of Microsoft Edge WebDriver only supports Microsoft Edge version 125
Current browser version is 127.0.2651.74 with binary path C:\Program Files (x86)\Microsoft\Edge\Application\msedge.exe
Build info: version: '3.141.59', revision: 'e82be7d358', time: '2018-11-14T08:25:48'
System info: host: 'DESKTOP-EHNLCK4', ip: '172.25.64.1', os.name: 'Windows 10', os.arch: 'amd64', os.version: '10.0', java.version: '17.0.9'
Driver info: driver.version: EdgeDriver
remote stacktrace: GetHandleVerifier [0x00007FF7550C5DD2+61250]
Microsoft::Applications::Events::ILogConfiguration::operator* [0x00007FF7550506D9+206985]
(No symbol) [0x00007FF754E5E3C7]
(No symbol) [0x00007FF754E9681F]
(No symbol) [0x00007FF754E95CD8]
(No symbol) [0x00007FF754E90360]
(No symbol) [0x00007FF754E8CDE7]
(No symbol) [0x00007FF754ECE9DC]
(No symbol) [0x00007FF754EC4563]
(No symbol) [0x00007FF754E99FCE]
(No symbol) [0x00007FF754E9918C]
(No symbol) [0x00007FF754E99B81]
Microsoft::Applications::Events::EventProperty::to_string [0x00007FF75527DF64+1072532]
(No symbol) [0x00007FF754F12D9C]
Microsoft::Applications::Events::EventProperty::~EventProperty [0x00007FF754FBEF4C+51468]
Microsoft::Applications::Events::EventProperty::~EventProperty [0x00007FF754FB3805+4549]
Microsoft::Applications::Events::EventProperty::to_string [0x00007FF75527CF25+1068373]
Microsoft::Applications::Events::ILogConfiguration::operator* [0x00007FF75505A0E1+246417]
Microsoft::Applications::Events::ILogConfiguration::operator* [0x00007FF755055444+226804]
Microsoft::Applications::Events::ILogConfiguration::operator* [0x00007FF75505557B+227115]
Microsoft::Applications::Events::ILogConfiguration::operator* [0x00007FF75504BD70+188192]
BaseThreadInitThunk [0x00007FFCD73E7374+20]
RtlUserThreadStart [0x00007FFCD889CC91+33]

at java.base/jdk.internal.reflect.NativeConstructorAccessorImpl.newInstance0(Native Method)
at java.base/jdk.internal.reflect.NativeConstructorAccessorImpl.newInstance(NativeConstructorAccessorImpl.java:77)
at java.base/jdk.internal.reflect.DelegatingConstructorAccessorImpl.newInstance(DelegatingConstructorAccessorImpl.java:45)
at java.base/java.lang.reflect.Constructor.newInstanceWithCaller(Constructor.java:499)
at java.base/java.lang.reflect.Constructor.newInstance(Constructor.java:480)
at org.openqa.selenium.remote.W3CHandshakeResponse.lambda$errorHandler$0(W3CHandshakeResponse.java:62)
at org.openqa.selenium.remote.HandshakeResponse.lambda$getResponseFunction$0(HandshakeResponse.java:30)
at org.openqa.selenium.remote.ProtocolHandshake.lambda$createSession$0(ProtocolHandshake.java:126)
at java.base/java.util.stream.ReferencePipeline$3$1.accept(ReferencePipeline.java:197)
at java.base/java.util.Spliterators$ArraySpliterator.tryAdvance(Spliterators.java:1002)
at java.base/java.util.stream.ReferencePipeline.forEachWithCancel(ReferencePipeline.java:129)
at java.base/java.util.stream.AbstractPipeline.copyIntoWithCancel(AbstractPipeline.java:527)
at java.base/java.util.stream.AbstractPipeline.copyInto(AbstractPipeline.java:513)
at java.base/java.util.stream.AbstractPipeline.wrapAndCopyInto(AbstractPipeline.java:499)
at java.base/java.util.stream.FindOps$FindOp.evaluateSequential(FindOps.java:150)
at java.base/java.util.stream.AbstractPipeline.evaluate(AbstractPipeline.java:234)
at java.base/java.util.stream.ReferencePipeline.findFirst(ReferencePipeline.java:647)
at org.openqa.selenium.remote.ProtocolHandshake.createSession(ProtocolHandshake.java:128)
at org.openqa.selenium.remote.ProtocolHandshake.createSession(ProtocolHandshake.java:74)
at org.openqa.selenium.remote.HttpCommandExecutor.execute(HttpCommandExecutor.java:136)
at org.openqa.selenium.remote.service.DriverCommandExecutor.execute(DriverCommandExecutor.java:83)
at org.openqa.selenium.remote.RemoteWebDriver.execute(RemoteWebDriver.java:552)
at org.openqa.selenium.remote.RemoteWebDriver.startSession(RemoteWebDriver.java:213)
at org.openqa.selenium.remote.RemoteWebDriver.<init>(RemoteWebDriver.java:131)
at org.openqa.selenium.edge.EdgeDriver.<init>(EdgeDriver.java:141)
at org.openqa.selenium.edge.EdgeDriver.<init>(EdgeDriver.java:96)
at javaPackage.ProfileUpload2.login(ProfileUpload2.java:24)
at java.base/jdk.internal.reflect.NativeMethodAccessorImpl.invoke0(Native Method)
at java.base/jdk.internal.reflect.NativeMethodAccessorImpl.invoke(NativeMethodAccessorImpl.java:77)
at java.base/jdk.internal.reflect.DelegatingMethodAccessorImpl.invoke(DelegatingMethodAccessorImpl.java:43)
at java.base/java.lang.reflect.Method.invoke(Method.java:568)
at org.testng.internal.MethodInvocationHelper.invokeMethod(MethodInvocationHelper.java:133)
at org.testng.internal.TestInvoker.invokeMethod(TestInvoker.java:598)
at org.testng.internal.TestInvoker.invokeTestMethod(TestInvoker.java:173)
at org.testng.internal.MethodRunner.runInSequence(MethodRunner.java:46)
at org.testng.internal.TestInvoker$MethodInvocationAgent.invoke(TestInvoker.java:824)
at org.testng.internal.TestInvoker.invokeTestMethods(TestInvoker.java:146)
at org.testng.internal.TestMethodWorker.invokeTestMethods(TestMethodWorker.java:146)
at org.testng.internal.TestMethodWorker.run(TestMethodWorker.java:128)
at java.base/java.util.ArrayList.forEach(ArrayList.java:1511)
at org.testng.TestRunner.privateRun(TestRunner.java:794)
at org.testng.TestRunner.run(TestRunner.java:596)
at org.testng.SuiteRunner.runTest(SuiteRunner.java:377)
at org.testng.SuiteRunner.runSequentially(SuiteRunner.java:371)
at org.testng.SuiteRunner.privateRun(SuiteRunner.java:332)
at org.testng.SuiteRunner.run(SuiteRunner.java:276)
at org.testng.SuiteRunnerWorker.runSuite(SuiteRunnerWorker.java:53)
at org.testng.SuiteRunnerWorker.run(SuiteRunnerWorker.java:96)
at org.testng.TestNG.runSuitesSequentially(TestNG.java:1212)
at org.testng.TestNG.runSuitesLocally(TestNG.java:1134)
at org.testng.TestNG.runSuites(TestNG.java:1063)
at org.testng.TestNG.run(TestNG.java:1031)
at org.testng.remote.AbstractRemoteTestNG.run(AbstractRemoteTestNG.java:115)
at org.testng.remote.RemoteTestNG.initAndRun(RemoteTestNG.java:251)
at org.testng.remote.RemoteTestNG.main(RemoteTestNG.java:77)
]]>
    </failure>
  </testcase> <!-- login -->
</testsuite> <!-- Default test -->
